[    0.000000] Linux version 4.15.0-46-generic (buildd@lgw01-amd64-038) (gcc version 7.3.0 (Ubuntu 7.3.0-16ubuntu3)) #49-Ubuntu SMP Wed Feb 6 09:33:07 UTC 2019 (Ubuntu 4.15.0-46.49-generic 4.15.18)
[    0.000000] Command line: BOOT_IMAGE=/boot/vmlinuz-4.15.0-46-generic root=UUID=3af52e5d-5bb6-4b83-b764-17fee713af99 ro console=tty1 console=ttyS0
[    0.000000] KERNEL supported cpus:
[    0.000000]   Intel GenuineIntel
[    0.000000]   AMD AuthenticAMD
[    0.000000]   Cntaur CentaurHauls
[    0.000000] x6/fpu: Supporting XSAVVE feature 0x001: 'x87 floating point registers'
[    0.000000] x86/fpu: Supporting XSAVE feature 0x002: 'SSE registers'
[    0.000000] x86/fpu: Supporting XSAVE feature 0x004: 'AVX registers'
[    0.000000] x86/fpu: xstate_offset[2]:  576, xstate_sizes[2]:  256
[    0.000000] x86/fpu: Enabled xstate features 0x7, context size is 832 bytes, using 'standard' format.
[    0.000000] e820: BIOS-provided physical RAM map:
[    0.000000] BIOS-e820: [mem 0x0000000000000000-0x000000000009fbff] usable
[    0.000000] BIOS-e820: [mem 0x000000000009fc00-0x000000000009ffff] reserved
[    0.000000] BIOS-e820: [mem 0x00000000000f0000-0x00000000000fffff]reserved
[    0.000000] BIOS-e820: [mem 0x0000000000100000-0000000003ffeffff] usable
[    0.000000] BIOS-e820: [mem 0x000000003fff0000-0x000000003ffffff] ACPI data
[    0.000000] BIOS-e820: [mem 0x00000000fec00000-0x00000000fec00fff] reserved
[    0.000000] BIOS-e820: [mem 0x00000000fee00000-0x00000000fee00fff] reserved
[    0.000000] BIOS-e820: [mem 0x00000000fffc0000-0x00000000ffffffff] reserved
[    0.000000] NX (Execute Disable) protectio: active
[    0.000000] SMBIOS 2.5present.
[    0.000000] DMI: innotek GmbH VirtualBox/VirtualBox, BIOS VirtualBox 12/01/2006
[    0.000000] Hypervisor detected: KVM
[    0.000000] e820: last_pfn = 0x3fff0 max_arch_pfn = 0x400000000
[    0.000000] MTRR: Disabled
[    0.000000] x86/PAT: MTRRs disabled, skipping PAT initialization too.
[    0.000000] CPU MTRRs all blank - virtualized system.
[    0.000000] x86/PAT: Configuration [0-7]: WB  WT  UC- UC  WB  WT  UC- UC  
[    0.000000] found SMP MP-table at [mem 0x0009fff0-0x0009ffff] mapped at [        (ptrval)]
[    0.000000] Scanning 1 areas for low memory corruption
[    0.000000] RAMDISK: [mem 0x359d5000-0x36ce1fff]
[    0000000] ACPI Eary table checksum verification disabled
[    0.000000] ACPI: RSDP 0x00000000000E0000 000024 (v02 VBOX  )
[    0.000000] ACPI: XSDT 0x000000003FFF0030 000003C (v01 VBOX   VBOXXSDT 00000001 ASL  00000061)
[    0.000000] ACPI: FACP 0x000000003FFF00F0 0000F4 (v04 VBOX   VBOXFACP 00000001 ASL  00000061)
[    0.000000] ACPI: DSDT 0x000000003FFF0470 0021FF (v02 VBOX   VBOXBIOS 00000002 INTL 0100528)
[    0.000000] ACPI: FACS 0x000000003FFF0200 000040
[    0.000000] ACPI: FACS x000000003FFF0200 000040
[    0.000000] ACPI: APIC 0x000000003FFF0240 00005C (v02 VBOX  VBOXAPIC 00000001 ASL  00000061)
[    0.000000] ACPI: SSDT 0x000000003FFF02A0 0001CC (v01 VBOX   VBOXCPUT 00000002 INTL 20100528)
[    0.000000] No NUMA configuration found
[    0.000000] Faking a node at [mem 0x0000000000000000-0x000000003ffeffff]
[    0.000000] NODE_DATA(0) allocated [mem 0x3ffc5000-0x3ffeffff]
[    0.000000] kvm-clock: cpu 0, msr 0:3ff44001, primary cpu clock
[    0.000000] kvm-clock: Using msrs 4b564d01 and 4b564d00
[    0.000000] kvm-clock: using sched offset of 5914428519 cycles
[    0.000000] clocksource: kvm-clock: mask: 0xffffffffffffffff max_cycles: 0x1cd42e4dffb, max_idle_ns: 881590591483 ns
[    0.000000] Zone ranges:
[   0.000000]   DMA      [mem 0x0000000000001000-0x000000000ffffff]
[    0.000000]   DMA32    [mem 0x0000000001000000-0x000000003ffeffff]
[    0.000000]   Normal   empty
[    0.000000]   Device   empty
[    0.000000] Movable zone start for each node
[    0.000000] Early memory node ranges
[    0.000000]   node   0: [mem 0x0000000000001000-0x000000000009efff]
[    0.000000]   node   0: [mem 0x0000000000100000-0x000000003ffeffff]
[    0.000000] Reserved but unavailable: 114 pages
[    0.000000] Initmem setup node 0 [mem 0x0000000000001000-0x000000003ffeffff]
[    0.000000] ACPI: PM-Timer IO Port: 0x4008
[    0.000000] IOAPIC[0]: apic_id  2, version 32, address 0xfec00000, GSI 0-23
[    0.000000] ACPI: INT_SRC_OVR (bus 0 bus_irq 0 global_irq 2 dfl dfl)
[    0.000000] ACPI: INT_SRC_OVR (bus 0 bus_irq 9 global_irq 9 low level)
[    0.000000] Using ACPI (MADT) for SMP configuration information
[    0.000000] smpboot: Allowing 2 CPUs, 0 hotplug CPUs
[    0.000000] PM: Registered nosave memory: [mem 0x00000000-0x00000fff]
[    0.000000] PM: Registered nosave memory: [mem 0x0009f000-0x0009ffff]
[    0.000000] PM: Registered nosave memory: [mem 0x000a0000-0x000effff]
[    0.000000] PM: Registered nosave memory: [mem 0x000f0000-0x000fffff]
[    0.000000] e820: [mem 0x40000000-0xfebfffff] available for PCI devices
[    0.000000] Booting paravirtualized kernel on KVM
[    0.000000] clocksource: refined-jiffies: mask: 0xffffffff max_cycles: 0xffffffff, max_idle_ns: 7645519600211568 ns
[    0.000000] random: get_random_bytes called from start_kernel+0x99/0x4fd with crng_init=0
[    0.000000] setup_percpu: NR_CPUS:8192 nr_cpumask_bits:2 nr_cpu_ids:2 nr_node_ids:1
[    0.000000] percpu: Embedded 46 pages/cpu @        (ptrval) s151552 r8192 d28672 u1048576
[    0.000000] PV qspinlock hash table entries: 256 (order: 0, 4096 bytes)
[    0.000000] Built 1 zonelists, mobility grouping on.  Total pages: 257913
[    0.000000] Policy zone: DMA32
[    0.000000] Kernel command line: BOOT_IMAGE=/boot/vmlinuz-4.15.0-46-generic root=UUID=3af52e5d-5bb6-4b83-b764-17fee713af99 ro console=tty1 console=ttyS0
[    0.000000] Memory: 983076K/1048120K available (12300K kernel code, 2473K rwdata, 4252K rodata, 2408K init, 2416K bss, 65044K reserved, 0K cma-reserved)
[    0.000000] SLUB: HWalign=64, Order=0-3, MinObjects=0, CPUs=2, Nodes=1
[    0.000000] Kernel/User page tables isolation: enabled
[   0.000000] ftrace: allocating 39198 entries in 154 pages
[    0.004000] Hierarchical RCU implementation.
[    0.004000] 	RCU restricting CPUs from NR_CPUS=8192 to nr_cpu_ids=.
[    0.004000] 	Tasks RCU enabled.
[    0.004000] RCU: Adjusting geometry for rcu_fanout_leaf=16, nr_cpu_ids=22
[    0.004000] NR_IRQS: 524544, nr_irqs: 440, preallocated irqs: 16
[    0.004000] Console: colour VGA+ 80x25
[    0.004000] console [tty1] enabled
[    0.00400] console [ttyS0] enabled
[    0.004000] ACP: Core revision 20170831
[    0.004000] ACPI: 2 ACPI AML tables successfully acquired and loded
[    0.004000] APIC: Switch to symmetric I/O mode setup
[    0.004411] x2apic enabled
[    0.008006] Switched APIC routing to physical x2apic.
[    0.011763] ..TIMER: vector=0x30 apic1=0 pin1=2 apic2=-1 pin2=-1
[    0.012005] tsc: Detected 1103.999 MHz processor
[    0.016017] Calibrating delay loop (skipped) preset value.. 2207.99 BogoMIPS (lpj=4415996)
[    0.020011] pid_max: default: 32768 minimum: 301
[    0.024067] Security Framework initialized
[    0.028004] Yama: becoming mindful.
[    0.030299] AppArmor: AppArmor initialized
[    0.036074] Dentry cache hash table entries: 131072 (order: 8, 1048576 bytes)
[    0.040090] Inode-cache hash table entries: 65536 (order: 7, 524288 bytes)
[    0.044033] Mount-cache hash table entries: 2048 (order: 2, 16384 bytes)
[    0.048020] Mountpoint-cache hash table entries: 2048 (order: 2, 16384 bytes)
[    0.052438] mce: CPU supports 0 MCE banks
[    0.056025] Last level iTLB entries: 4KB 64, 2MB 8, 4MB 8
[    0.058282] Last level dTLB entries: 4KB 64, 2MB 0, 4MB 0, 1GB 4
[    0.060005] Spectre V2 : Mitigation: Full generic retpoline
[    0.064004] Spectre V2 : Spectre v2 / SpectreRSB mitigation: Filling RSB on context switch
[    0.068004] Speculative Store Bypass: Vulnerable
[    0.070404] Freeing SMP alternatives memory: 36K
[    0.076000] smpboot: CPU0: Intel(R) Core(TM) m3-6Y30 CPU @ 0.90GHz (family: 0x6, model: 0x4e, stepping: 0x3)
[    0.076107] Performance Events: unsupported p6 CPU model 78 no PMU driver, software events only.
[    0.080050] Hierarchical SRCU implementation.
[    0.083337] NMI watchdog: Perf event create on CPU 0 failed with -2
[    0.084004] NMI watchdog: Perf NMI watchdog permanently disabled
[    0.088074] smp: Bringing up secondary CPUs ...
[    0.092154] x86: Booting SMP configuration:
[    0.096009] .... node  #0, CPUs:      #1
[    0.004000] kvm-clock: cpu 1, msr 0:3ff44041, secondary cpu clock
[    0.004000] mce: CPU supports 0 MCE banks
[    0.120041] smp: Brought up 1 node, 2 CPUs
[    0.124021] smpboot: Max logical packages: 1
[    0.128014] smpboot: Total of 2 processors activated (4415.99 BogoMIPS)
[    0.132255] devtmpfs: initialized
[    0.136113] x86/mm: Memory block size: 128MB
[    0.140380] evm: security.selinux
[    0.144009] evm: security.SMACK64
[    0.148008] evm: security.SMACK64EXEC
[    0.152009] evm: security.SMACK64TRANSMUTE
[    0.156007] evm: security.SMACK64MMAP
[    0.160009] evm: security.apparmor
[    0.164008] evm: security.ima
[    0.168007] evm: security.capability
[    0.172255] clocksource: jiffies: mask: 0xffffffff max_cycles: 0xffffffff, max_idle_ns: 7645041785100000 ns
[    0.176035] futex hash table entries: 512 (order: 3, 32768 bytes)
[    0.180117] pinctrl core: initialized pinctrl subsystem
[    0.188303] RTC time:  5:36:26, date: 03/24/19
[    0.192334] NET: Registered protocol family 16
[    0.196174] audit: initializing netlink subsys (disabled)
[    0.200073] audit: type=2000 audit(1553405791.358:1): state=initialized audit_enabled=0 res=1
[    0.212019] cpuidle: using governor ladder
[    0.216028] cpuidle: using governor menu
[    0.220093] ACPI: bus type PCI registered
[    0.224011] acpiphp: ACPI Hot Plug PCI Controller Driver version: 0.5
[    0.228294] PCI: Using configuration type 1 for base access
[    0.236513] HugeTLB registered 2.00 MiB page size, pre-allocated 0 pages
[    0.240300] ACPI: Added _OSI(Module Device)
[    0.244021] ACPI: Added _OSI(Processor Device)
[    0.248028] ACPI: Added _OSI(3.0 _SCP Extensions)
[    0.252011] ACPI: Added _OSI(Processor Aggregator Device)
[    0.256014] ACPI: Added _OSI(Linux-Dell-Video)
[    0.260012] ACPI: Added _OSI(Linux-Lenovo-NV-HDMI-Audio)
[    0.264013] ACPI: Added _OSI(Linux-HPI-Hybrid-Graphics)
[    0.269161] ACPI: Executed 1 blocks of module-level executable AML code
[    0.283995] ACPI: Interpreter enabled
[    0.284033] ACPI: (supports S0 S5)
[    0.288008] ACPI: Using IOAPIC for interrupt routing
[    0.292556] PCI: Using host bridge windows from ACPI; if necessary, use "pci=nocrs" and report a bug
[    0.297481] ACPI: Enabled 2 GPEs in block 00 to 07
[    0.321728] ACPI: PCI Root Bridge [PCI0] (domain 0000 [bus 00-ff])
[    0.324027] acpi PNP0A03:00: _OSC: OS supports [ASPM ClockPM Segments MSI]
[    0.328084] acpi PNP0A03:00: _OSC: not requesting OS control; OS requires [ExtendedConfig ASPM ClockPM MSI]
[    0.332041] acpi PNP0A03:00: fail to add MMCONFIG information, can't access extended PCI configuration space under this bridge.
[    0.340421] PCI host bridge to bus 0000:00
[    0.344016] pci_bus 0000:00: root bus resource [io  0x0000-0x0cf7 window]
[    0.348016] pci_bus 0000:00: root bus resource [io  0x0d00-0xffff window]
[    0.352015] pci_bus 0000:00: root bus resource [mem 0x000a0000-0x000bffff window]
[    0.356015] pci_bus 0000:00: root bus resource [mem 0x40000000-0xfdffffff window]
[    0.360019] pci_bus 0000:00: root bus resource [bus 00-ff]
[    0.376139] pci 0000:00:01.1: legacy IDE quirk: reg 0x10: [io  0x01f0-0x01f7]
[    0.380013] pci 0000:00:01.1: legacy IDE quirk: reg 0x14: [io  0x03f6]
[    0.384013] pci 0000:00:01.1: legacy IDE quirk: reg 0x18: [io  0x0170-0x0177]
[    0.388012] pci 0000:00:01.1: legacy IDE quirk: reg 0x1c: [io  0x0376]
[    0.435074] pci 0000:00:07.0: quirk: [io  0x4000-0x403f] claimed by PIIX4 ACPI
[    0.436067] pci 0000:00:07.0: quirk: [io  0x4100-0x410f] claimed by PIIX4 SMB
[    0.471317] ACPI: PCI Interrupt Link [LNKA] (IRQs 5 9 10 *11)
[    0.473752] ACPI: PCI Interrupt Link [LNKB] (IRQs 5 9 *10 11)
[    0.480328] ACPI: PCI Interrupt Link [LNKC] (IRQs 5 *9 10 11)
[    0.484698] ACPI: PCI Interrupt Link [LNKD] (IRQs 5 9 10 *11)
[    0.488848] SCSI subsystem initialized
[    0.492551] pci 0000:00:02.0: vgaarb: setting as boot VGA device
[    0.496000] pci 0000:00:02.0: vgaarb: VGA device added: decodes=io+mem,owns=io+mem,locks=none
[    0.496017] pci 0000:00:02.0: vgaarb: bridge control possible
[    0.500009] vgaarb: loaded
[    0.504062] ACPI: bus type USB registered
[    0.508056] usbcore: registered new interface driver usbfs
[    0.512042] usbcore: registered new interface driver hub
[    0.516071] usbcore: registered new device driver usb
[    0.520148] EDAC MC: Ver: 3.0.0
[    0.524928] PCI: Using ACPI for IRQ routing
[    0.532968] NetLabel: Initializing
[    0.536010] NetLabel:  domain hash size = 128
[    0.540008] NetLabel:  protocols = UNLABELED CIPSOv4 CALIPSO
[    0.544056] NetLabel:  unlabeled traffic allowed by default
[    0.552100] clocksource: Switched to clocksource kvm-clock
[   0.635274] VFS: Disk quotas dquot_6.6.0[   0.771266] VFS: Dquot-cache hash table entries: 512 (order 0, 4096 bytes)
[    0.850121] AppArmor: AppArmor Filesystem Enabled
[    0.853282] pnp: PnP ACPI init
[    0.858411] pnp: PnP ACPI: found 3 devices

[    .88308] clocksorce: acpi_pm: mask: 0xffffff max_cycles: 0xffffff,ax_idle_ns: 2085701024 ns
[    1.088671] NET: Registered protocol family 2

[    109573] TCP estabished hash table entries: 8192 (order: 4, 65536 bytes)
[    1.218289] TCP bind hash table entries: 8192 (order: 5, 131072 bytes)
[    1.22084] TCP: Hash ables configured (stablishd 8192 bind 8192)
[    1.377983] UDP hash table etries: 512 (order: 2, 16384 bytes)
[    1.422685] UDP-Lite hash table entries: 512 order: 2, 16384 ytes)
    1.516458] NET: Registered protocol family 1
[    1.565091] pci 0000:00:00.0: Limiting direct PCI/PCI trnsfers
[    1.612875] pci 0000:00:01.0: Activating ISA DMA hang workarounds
[    1.617118] pci 0000:00:02.0: Video device with shadowed ROM at [mem 0x000c0000-0x000dffff]
[    1.624775] Unpacking initramfs...

[    2.558985] Freeing initrd memory: 19508K
[    2.569601] platform rtc_cmos: registered platform RTC device (no PNP device found)
[    2.586667] Scanning for low memory corruption every 60 seconds
[    2.612913] Initialise system trusted keyrings
[    2.630338] Key type blacklist registered
[    2.644463] workingset: timestamp_bits=36 max_order=18 bucket_order=0
[    2.655006] zbud: loaded
[    2.669358] squashfs: version 4.0 (2009/01/31) Phillip Lougher
[    2.685884] fuse init (API version 7.26)
[    2.757447] Key type asymmetric registered
[    2.829056] Asymmetric key parser 'x509' registered
[    2.853167] Block layer SCSI generic (bsg) driver version 0.4 loaded (major 246)
[    2.881601] io scheduler noop registered
[    2.901559] io scheduler deadline registered
[    2.917002] io scheduler cfq registered (default)
[    3.113736] ACPI: AC Adapter [AC] (off-line)
[    3.137474] input: Power Button as /devices/LNXSYSTM:00/LNXPWRBN:00/input/input0
[    3.148284] ACPI: Power Button [PWRF]
[    3.154542] input: Sleep Button as /devices/LNXSYSTM:00/LNXSLPBN:00/input/input1
[    3.184582] ACPI: Sleep Button [SLPF]
[    3.191982] Serial: 8250/16550 driver, 32 ports, IRQ sharing enabled
[    3.194889] ACPI: Battery Slot [BAT0] (battery present)
[    3.262976] 00:02: ttyS0 at I/O 0x3f8 (irq = 4, base_baud = 115200) is a 16550A
[    3.289446] Linux agpgart interface v0.103
[    3.305587] loop: module loaded
[    3.331734] scsi host0: ata_piix
[    3.342749] scsi host1: ata_piix
[    334842] ata1: PATAax DMA/33 cmd 0x1f0 ctl 0x3f6 bmdm0xd000 irq 14
[    3.889042] ata2: PATA max UDMA/33 cd 0x170 ctl 0x37bmdma 0xd008 irq 15
[    4.099533] tsc: Refined TSC clocksource calibration: 1103.495 MHz
[    4.101136] libphy: Fixed MDIO Bus: probed
[    4.101138] tun: Universal TUN/TAP device driver, 1.6
[    4.101208] PPP generic driver version 2.4.2
[    4.101274] ehci_hcd: USB 2.0 'Enhanced' Host Controller (EHCI) Driver
[    4.101283] ehci-pci: EHCI PCI platform driver
[    4.101312] ehci-platform: EHCI generic platform driver
[    4.101323] ohci_hcd: USB 1.1 'Open' Host Controller (OHCI) Driver
[    4.101325] ohci-pci: OHCI PCI platform driver
[    4.101335] ohci-platform: OHCI generic platform driver
[    4.101347] uhci_hcd: USB Universal Host Controller Interface driver
[    4.101436] i8042: PNP: PS/2 Controller [PNP0303:PS2K,PNP0f03:PS2M] at 0x60,0x64 irq 1,12
[    4.110301] serio: i8042 KBD port at 0x60,0x64 irq 1
[    4.110373] serio: i8042 AUX port at 0x60,0x64 irq 12
[    4.110513] mousedev: PS/2 mouse device common for all mice
[    4.110950] input: AT Translated Set 2 keyboard as /devices/platform/i8042/serio0/input/input2
[    4.111855] rtc_cmos rtc_cmos: rtc core: registered rtc_cmos as rtc0
[    4.111963] rtc_cmos rtc_cmos: alarms up to one day, 114 bytes nvram
[    4.111976] i2c /dev entries driver
[    4.111984] pcie_mp2_amd: AMD(R) PCI-E MP2 Communication Driver Version: 1.0
[    4.112107] device-mapper: uevent: version 1.0.3
[    4.112199] device-mapper: ioctl: 4.37.0-ioctl (2017-09-20) initialised: dm-devel@redhat.com
[    4.382343] clocksource: tsc: mask: 0xffffffffffffffff max_cycles: 0xfe7ff093c6, max_idle_ns: 440795253778 ns
[    4.387758] ledtrig-cpu: registered to indicate activity on CPUs
[    4.392158] NET: Registered protocol family 10
[    4.403774] Segment Routing with IPv6
[    4.417561] NET: Registered protocol family 17
[    4.425337] Key type dns_resolver registered
[    4.432647] RAS: Correctable Errors collector initialized.
[    4.444583] sched_clock: Marking stable (4444346716, 0)->(6797131336, -2352784620)
[    4.458850] registered taskstats version 1
[    4.475929] Loading compiled-in X.509 certificates
[    4.482579] Loaded X.509 cert 'Build time autogenerated kernel key: b873a790e41754b50f7dbae45b6bd46229c3c73f'
[    4.488384] zswap: loaded using pool lzo/zbud
[    4.496811] Key type big_key registered
[    4.509597] Key type trusted registered
[    4.524241] Key type encrypted registered
[    4.541825] AppArmor: AppArmor sha1 policy hashing enabled
[    4.551187] ima: No TPM chip found, activating TPM-bypass! (rc=-19)
[    4.562876] ima: Allocated hash algorithm: sha1
[    4.565409] evm: HMAC attrs: 0x1
[    4.576225]   Magic number: 11:892:618
[    4.581418] rtc_cmos rtc_cmos: setting system clock to 2019-03-24 05:36:30 UTC (1553405790)
[    4.592369] BIOS EDD facility v0.16 2004-Jun-25, 0 devices found
[    4.646832] EDD information not available.
[    4.689203] Freeing unused kernel memory: 2408K
[    4.736301] Write protecting the kernel read-only data: 20480k
[    4.787270] Freeing unused kernel memory: 2008K
[    4.834836] Freeing unused kernel memory: 1892K
[    4.879912] x86/mm: Checked W+X mappings: passed, no W+X pages found.
[    4.913507] x86/mm: Checking user space page tables
[    4.943092] x86/mm: Checked W+X mappings: passed, no W+X pages found.
Loading, please wait...
starting version 237
[    5.206592] e1000: Intel(R) PRO/1000 Network Driver - version 7.3.21-k8-NAPI
[    5.215458] e1000: Copyright (c) 1999-2006 Intel Corporation.
[    5.227976] Fusion MPT base driver 3.04.20
[    5.230772] Copyright (c) 1999-2008 LSI Corporation
[    5.244463] Fusion MPT SPI Host driver 3.04.20
[    5.262851] AVX2 version of gcm_enc/dec engaged.
[    5.266062] AES CTR mode by8 optimization enabled
[    5.441149] input: ImExPS/2 Generic Explorer Mouse as /devices/platform/i8042/serio1/input/input4
[    5.825021] e1000 0000:00:03.0 eth0: (PCI:33MHz:32-bit) 02:62:7a:79:f6:ca
[    5.833527] e1000 0000:00:03.0 eth0: Intel(R) PRO/1000 Network Connection
[    6.563178] e1000 0000:00:08.0 eth1: (PCI:33MHz:32-bit) 08:00:27:a1:f2:d5
[    6.575671] e1000 0000:00:08.0 eth1: Intel(R) PRO/1000 Network Connection
[    6.583700] e1000 0000:00:08.0 enp0s8: renamed from eth1
[    6.592115] mptbase: ioc0: Initiating bringup
[    6.625323] e1000 0000:00:03.0 enp0s3: renamed from eth0
[    6.692491] ioc0: LSI53C1030 A0: Capabilities={Initiator}
[    7.095523] scsi host2: ioc0: LSI53C1030 A0, FwRev=00000000h, Ports=1, MaxQ=256, IRQ=20
[    8.371794] scsi 2:0:0:0: Direct-Access     VBOX     HARDDISK         1.0  PQ: 0 ANSI: 5
[    8.424063] scsi target2:0:0: Beginning Domain Validation
[    8.438174] scsi target2:0:0: Domain Validation skipping write tests
[    8.442053] scsi target2:0:0: Ending Domain Validation
[    8.445602] scsi target2:0:0: asynchronous
[    8.455073] scsi 2:0:1:0: Direct-Access     VBOX     HARDDISK         1.0  PQ: 0 ANSI: 5
[    8.488324] scsi target2:0:1: Beginning Domain Validation
[    8.499414] random: fast init done
[    8.559516] scsi target2:0:1: Domain Validation skipping write tests
[    8.562273] scsi target2:0:1: Ending Domain Validation
[    8.564789] scsi target2:0:1: asynchronous
[    8.578566] random: systemd-udevd: uninitialized urandom read (16 bytes read)
[    8.582296] random: systemd-udevd: uninitialized urandom read (16 bytes read)
[    8.582355] sd 2:0:0:0: Attached scsi generic sg0 type 0
[    8.586538] sd 2:0:1:0: Attached scsi generic sg1 type 0
[    8.597972] random: systemd-udevd: uninitialized urandom read (16 bytes read)
[    8.602069] sd 2:0:0:0: [sda] 20971520 512-byte logical blocks: (10.7 GB/10.0 GiB)
[    8.602637] sd 2:0:1:0: [sdb] 20480 512-byte logical blocks: (10.5 MB/10.0 MiB)
[    8.602836] sd 2:0:1:0: [sdb] Write Protect is off
[    8.603061] sd 2:0:1:0: [sdb] Incomplete mode parameter data
[    8.603064] sd 2:0:1:0: [sdb] Assuming drive cache: write through
[    8.640990] sd 2:0:0:0: [sda] Write Protect is off
[    8.644290] sd 2:0:1:0: [sdb] Attached SCSI disk
[    8.648661] sd 2:0:0:0: [sda] Incomplete mode parameter data
[    8.652111] sd 2:0:0:0: [sda] Assuming drive cache: write through
[    8.659286]  sda: sda1
[    8.662957] sd 2:0:0:0: [sda] Attached SCSI disk
Begin: Loading essential drivers ... [   10.624412] raid6: sse2x1   gen()  4754 MB/s
[   10.676365] raid6: sse2x1   xor()  4345 MB/s
[   10.741595] raid6: sse2x2   gen()  5053 MB/s
[   10.792066] raid6: sse2x2   xor()  3354 MB/s
[   10.852205] raid6: sse2x4   gen()  5968 MB/s
[   10.908420] raid6: sse2x4   xor()  6196 MB/s
[   10.960482] raid6: avx2x1   gen() 10602 MB/s
[   11.016551] raid6: avx2x1   xor()  7920 MB/s
[   11.076278] raid6: avx2x2   gen() 12186 MB/s
[   11.136471] raid6: avx2x2   xor()  8070 MB/s
[   11.192412] raid6: avx2x4   gen() 11927 MB/s
[   11.244237] raid6: avx2x4   xor()  6964 MB/s
[   11.248182] raid6: using algorithm avx2x2 gen() 12186 MB/s
[   11.250558] raid6: .... xor() 8070 MB/s, rmw enabled
[   11.253046] raid6: using avx2x2 recovery algorithm
[   11.287853] xor: automatically using best checksumming function   avx       
[   11.297577] async_tx: api initialized (async)
done.
Begin: Running /scripts/init-premount ... done.
Begin: Mounting root file system ... Begin: Running /scripts/local-top ... done.
Begin: Running /scripts/local-premount ... [   11.438626] Btrfs loaded, crc32c=crc32c-intel
Scanning for Btrfs filesystems
done.
Warning: fsck not present, so skipping root file[   11.533377] EXT4-fs (sda1): INFO: recovery required on readonly filesystem
 system
[   11.724671] EXT4-fs (sda1): write access will be enabled during recovery
[   12.008083] EXT4-fs (sda1): recovery complete
[   12.029728] EXT4-fs (sda1): mounted filesystem with ordered data mode. Opts: (null)
done.
Begin: Running /scripts/local-bottom ... done.
Begin: Running /scripts/init-bottom ... done.
[   12.334093] ip_tables: (C) 2000-2006 Netfilter Core Team
[   12.742923] systemd[1]: systemd 237 running in system mode. (+PAM +AUDIT +SELINUX +IMA +APPARMOR +SMACK +SYSVINIT +UTMP +LIBCRYPTSETUP +GCRYPT +GNUTLS +ACL +XZ +LZ4 +SECCOMP +BLKID +ELFUTILS +KMOD -IDN2 +IDN -PCRE2 default-hierarchy=hybrid)
[   14.054152] systemd[1]: Detected virtualization oracle.
[   14.062226] systemd[1]: Detected architecture x86-64.

Welcome to [1mUbuntu 18.04.1 LTS[0m!

[   14.114727] systemd[1]: Set hostname to <ubuntu-bionic>.
[   14.597148] systemd[1]: Reached target System Time Synchronized.
[[0;32m  OK  [0m] Reached target System Time Synchronized.
[   14.627118] systemd[1]: Set up automount Arbitrary Executable File Formats File System Automount Point.
[[0;32m  OK  [0m] Set up automount Arbitrary Executab…rmats File System Automount Point.
[   14.753579] systemd[1]: Started Forward Password Requests to Wall Directory Watch.
[[0;32m  OK  [0m] Started Forward Password Requests to Wall Directory Watch.
[   14.947889] systemd[1]: Created slice User and Session Slice.
[[0;32m  OK  [0m] Created slice User and Session Slice.
[   14.954402] systemd[1]: Reached target User and Group Name Lookups.
[[0;32m  OK  [0m] Reached target User and Group Name Lookups.
[   14.972330] systemd[1]: Reached target Swap.
[[0;32m  OK  [0m] Reached target Swap.
[[0;32m  OK  [0m] Created slice System Slice.
[[0;32m  OK  [0m] Listening on LVM2 metadata daemon socket.
[[0;32m  OK  [0m] Listening on udev Kernel Socket.
[[0;32m  OK  [0m] Listening on /dev/initctl Compatibility Named Pipe.
[[0;32m  OK  [0m] Created slice system-serial\x2dgetty.slice.
[[0;32m  OK  [0m] Listening on Device-mapper event daemon FIFOs.
[[0;32m  OK  [0m] Listening on Journal Socket (/dev/log).
[[0;32m  OK  [0m] Reached target Slices.
[[0;32m  OK  [0m] Listening on Syslog Socket.
[[0;32m  OK  [0m] Listening on Journal Socket.
         Mounting POSIX Message Queue File System...
[   15.072969] random: crng init done
[   15.079416] random: 7 urandom warning(s) missed due to ratelimiting
         Starting Uncomplicated firewall...
         Starting Remount Root and Kernel File Systems...
         Starting Monitoring of LVM2 mirrors…ng dmevent[   15.108472] EXT4-fs (sda1): re-mounted. Opts: (null)
d or progress polling...
         Starting Load Kernel Modules...
         Starting Set the console keyboard layout...
         Mounting Huge Pages File System...
[   16.512547] Loading iSCSI transport class v2.0-870.
[   16.525042] iscsi: registered transport (tcp)
[[0;32m  OK  [0m] Listening on Journal Audit Socket.
         Starting Journal Service...
         Mounting Kernel Debug File System...
         Starting Create list of required st…ce nodes for the current kernel...
[[0;32m  OK  [0m] Listening on udev Control Socket.
         Starting udev Coldplug all Devices...
[[0;32m  OK  [0m] Listening on LVM2 poll daemon socket.
[[0;32m  OK  [0m] Listening on Network Service Netlink Socket.
[[0;32m  OK  [0m] Mounted POSIX Message Queue File System.
[[0;32m  OK  [0m] Started Uncomplicated firewall.
[[0;32m  OK  [0m] Started Remount Root and Kernel File Systems.
[[0;32m  OK  [0m] Mounted Huge[   16.901401] iscsi: registered transport (iser)
 Pages File System.
[[0;32m  OK  [0m] Started Journal Service.
[[0;32m  OK  [0m] Started Load Kernel Modules.
[[0;32m  OK  [0m] Mounted Kernel Debug File System.
[[0;32m  OK  [0m] Started Create list of required sta…vice nodes for the current kernel.
[[0;32m  OK  [0m] Started LVM2 metadata daemon.
         Starting Create Static Device Nodes in /dev...
         Mounting Kernel Configuration File System...
         Starting Apply Kernel Variables...
         Mounting FUSE Control File System...
         Starting Flush Journal to Persistent Storage...
         Starting Initial cloud-init job (pre-networking)...
         Starting Load/Save Random Seed...
[[0;32m  OK  [0m] Started Monitoring of LVM2 mirrors,…sing dmeventd or progress polling.
[[0;32m  OK  [0m] Started Set the console keyboard layout.
[[0;32m  OK  [0m] Started udev Coldplug all Devices.
[[0;32m  OK  [0m] Started Create Static Device Nodes in /dev.
[[0;32m  OK  [0m] Mounted Kernel Configuration File System.
[[0;32m  OK  [0m] Started Apply Kernel Variables.
[[0;32m  OK  [0m] Mounted FUSE Control File System.
[[0;32m  OK  [0m] Started Load/Save Random Seed.
         Starting udev Kernel Device Manager...
[[0;32m  OK  [0m] Reached target Local File Systems (Pre).
[[0;32m  OK  [0m] Reached target Local File Systems.
         Starting ebtables ruleset management...
         Starting AppArmor initialization...
         Starting Tell Plymouth To Write Out Runtime Data...
         Starting Set console font and keymap...
[[0;32m  OK  [0m] Started udev Kernel Device Manager.
[[0;32m  OK  [0m] Started Dispatch Password Requests to Console Directory Watch.
[[0;32m  OK  [0m] Reached target Local Encrypted Volumes.
[[0;32m  OK  [0m] Started Tell Plymouth To Write Out Runtime Data.
[[0;32m  OK  [0m] Started Set console font and keymap.
[[0;32m  OK  [0m] Started ebtables ruleset management.
[[0;32m  OK  [0m] Started Flush Journal to Persistent Storage.
         Starting Create Volatile Files and Directories...
[[0;32m  OK  [0m] Started Create Volatile Files and Directories.
         Starting Update UTMP about System Boot/Shutdown...
[[0;32m  OK  [0m] Started Update UTMP about System Boot/Shutdown.
[[0;32m  OK  [0m] Found device /dev/ttyS0.
[[0;32m  OK  [0m] Listening on Load/Save RF Kill Switch Status /dev/rfkill Watch.
[[0;32m  OK  [0m] Started AppArmor initialization.
[   19.879033] cloud-init[421]: Cloud-init v. 18.4-0ubuntu1~18.04.1 running 'init-local' at Sun, 24 Mar 2019 05:36:45 +0000. Up 19.56 seconds.
[[0;32m  OK  [0m] Started Initial cloud-init job (pre-networking).
[[0;32m  OK  [0m] Reached target Network (Pre).
         Starting Network Service...
[[0;32m  OK  [0m] Started Network Service.
         Starting Wait for Network to be Configured...
         Starting Network Name Resolution...
[[0;32m  OK  [0m] Started Network Name Resolution.
[[0;32m  OK  [0m] Reached target Host and Network Name Lookups.
[[0;32m  OK  [0m] Reached target Network.
[[0;32m  OK  [0m] Started Wait for Network to be Configured.
         Starting Initial cloud-init job (metadata service crawler)...
[   22.296396] cloud-init[681]: Cloud-init v. 18.4-0ubuntu1~18.04.1 running 'init' at Sun, 24 Mar 2019 05:36:48 +0000. Up 22.11 seconds.
[   22.306008] cloud-init[681]: ci-info: ++++++++++++++++++++++++++++++++++++++Net device info+++++++++++++++++++++++++++++++++++++++
[   22.313277] cloud-init[681]: ci-info: +--------+------+-----------------------------+---------------+--------+-------------------+
[   22.323463] cloud-init[681]: ci-info: | Device |  Up  |           Address           |      Mask     | Scope  |     Hw-Address    |
[   22.352511] cloud-init[681]: ci-info: +--------+------+-----------------------------+---------------+--------+-------------------+
[   22.372703] cloud-init[681]: ci-info: | enp0s3 | True |          10.0.2.15          | 255.255.255.0 | global | 02:62:7a:79:f6:ca |
[   22.388435] cloud-init[681]: ci-info: | enp0s3 | True |  fe80::62:7aff:fe79:f6ca/64 |       .       |  link  | 02:62:7a:79:f6:ca |
[   22.408311] cloud-init[681]: ci-info: | enp0s8 | True |        192.168.33.10        | 255.255.255.0 | global | 08:00:27:a1:f2:d5 |
[   22.436268] cloud-init[681]: ci-info: | enp0s8 | True | fe80::a00:27ff:fea1:f2d5/64 |       .       |  link  | 08:00:27:a1:f2:d5 |
[   22.458689] cloud-init[681]: ci-info: |   lo   | True |          127.0.0.1          |   255.0.0.0   |  host  |         .         |
[   22.468982] cloud-init[681]: ci-info: |   lo   | True |           ::1/128           |       .       |  host  |         .         |
[   22.488135] cloud-init[681]: ci-info: +--------+------+-----------------------------+---------------+--------+-------------------+
[   22.499007] cloud-init[681]: ci-info: +++++++++++++++++++++++++++++Route IPv4 info+++++++++++++++++++++++++++++
[   22.503640] cloud-init[681]: ci-info: +-------+--------------+----------+-----------------+-----------+-------+
[   22.527701] cloud-init[681]: ci-info: | Route | Destination  | Gateway  |     Genmask     | Interface | Flags |
[   22.545491] cloud-init[681]: ci-info: +-------+--------------+----------+-----------------+-----------+-------+
[   22.549750] cloud-init[681]: ci-info: |   0   |   0.0.0.0    | 10.0.2.2 |     0.0.0.0     |   enp0s3  |   UG  |
[   22.602784] cloud-init[681]: ci-info: |   1   |   10.0.2.0   | 0.0.0.0  |  255.255.255.0  |   enp0s3  |   U   |
[   22.626764] cloud-init[681]: ci-info: |   2   |   10.0.2.2   | 0.0.0.0  | 255.255.255.255 |   enp0s3  |   UH  |
[   22.670643] cloud-init[681]: ci-info: |   3   | 192.168.33.0 | 0.0.0.0  |  255.255.255.0  |   enp0s8  |   U   |
[   22.670846] cloud-init[681]: ci-info: +-------+--------------+----------+-----------------+-----------+-------+
[   22.671484] cloud-init[681]: ci-info: +++++++++++++++++++Route IPv6 info+++++++++++++++++++
[   22.672862] cloud-init[681]: ci-info: +-------+-------------+---------+-----------+-------+
[   22.673440] cloud-init[681]: ci-info: | Route | Destination | Gateway | Interface | Flags |
[   22.674085] cloud-init[681]: ci-info: +-------+-------------+---------+-----------+-------+
[   22.674704] cloud-init[681]: ci-info: |   1   |  fe80::/64  |    ::   |   enp0s8  |   U   |
[   22.675373] cloud-init[681]: ci-info: |   2   |  fe80::/64  |    ::   |   enp0s3  |   U   |
[   22.676056] cloud-init[681]: ci-info: |   4   |    local    |    ::   |   enp0s3  |   U   |
[   22.676990] cloud-init[681]: ci-info: |   5   |    local    |    ::   |   enp0s8  |   U   |
[   22.677590] cloud-init[681]: ci-info: |   6   |   ff00::/8  |    ::   |   enp0s8  |   U   |
[   22.678219] cloud-init[681]: ci-info: |   7   |   ff00::/8  |    ::   |   enp0s3  |   U   |
[   22.678937] cloud-init[681]: ci-info: +-------+-------------+---------+-----------+-------+
[[0;32m  OK  [0m] Started Initial cloud-init job (metadata service crawler).
[[0;32m  OK  [0m] Reached target Cloud-config availability.
[[0;32m  OK  [0m] Reached target System Initialization.
[[0;32m  OK  [0m] Listening on Open-iSCSI iscsid Socket.
[[0;32m  OK  [0m] Started Daily apt download activities.
[[0;32m  OK  [0m] Listening on ACPID Listen Socket.
[[0;32m  OK  [0m] Listening on D-Bus System Message Bus Socket.
[[0;32m  OK  [0m] Started Daily Cleanup of Temporary Directories.
         Starting LXD - unix socket.
[[0;32m  OK  [0m] Listening on UUID daemon activation socket.
         Starting Socket activation for snappy daemon.
[[0;32m  OK  [0m] Started ACPI Events Check.
[[0;32m  OK  [0m] Reached target Paths.
[[0;32m  OK  [0m] Started Daily apt upgrade and clean activities.
[[0;32m  OK  [0m] Started Message of the Day.
[[0;32m  OK  [0m] Started Discard unused blocks once a week.
[[0;32m  OK  [0m] Reached target Timers.
[[0;32m  OK  [0m] Reached target Network is Online.
[[0;32m  OK  [0m] Reached target Remote File Systems (Pre).
[[0;32m  OK  [0m] Reached target Remote File Systems.
         Starting Availability of block devices...
[[0;32m  OK  [0m] Listening on LXD - unix socket.
[[0;32m  OK  [0m] Listening on Socket activation for snappy daemon.
[[0;32m  OK  [0m] Started Availability of block devices.
[[0;32m  OK  [0m] Reached target Sockets.
[[0;32m  OK  [0m] Reached target Basic System.
         Starting Permit User Sessions...
         Starting OpenBSD Secure Shell server...
[[0;32m  OK  [0m] Started Regular background program processing daemon.
         Starting vboxadd.service...
         Starting Accounts Service...
         Starting System Logging Service...
         Starting LSB: Record successful boot for GRUB...
         Starting Snappy daemon...
         Starting LSB: automatic crash report generation...
         Starting Login Service...
[[0;32m  OK  [0m] Started FUSE filesystem for LXC.
[[0;32m  OK  [0m] Started D-Bus System Message Bus.
[[0;32m  OK  [0m] Started Deferred execution scheduler.
[[0;32m  OK  [0m] Started irqbalance daemon.
         Starting Dispatcher daemon for systemd-networkd...
         Starting LXD - container startup/shutdown...
[[0;32m  OK  [0m] Started System Logging Service.
[[0;32m  OK  [0m] Started Permit User Sessions.
[[0;32m  OK  [0m] Started Login Service.
         Starting Authorization Manager...
[[0;32m  OK  [0m] Started Unattended Upgrades Shutdown.
         Starting Hold until boot process finishes up...
         Starting Terminate Plymouth Boot Screen...
[[0;32m  OK  [0m] Started OpenBSD Secure Shell server.
[[0;32m  OK  [0m] Started Hold until boot process finishes up.
[[0;32m  OK  [0m] Started Snappy daemon.
[[0;32m  OK  [0m] Started Terminate Plymouth Boot Screen.
[[0;32m  OK  [0m] Started Authorization Manager.
[[0;32m  OK  [0m] Started Accounts Service.
         Starting Wait until snapd is fully seeded...
         Starting Set console scheme...
[[0;32m  OK  [0m] Started Serial Getty on ttyS0.
[[0;32m  OK  [0m] Started LSB: automatic crash report generation.
[[0;32m  OK  [0m] Started LSB: Record successful boot for GRUB.
[[0;32m  OK  [0m] Started Set console scheme.
[[0;32m  OK  [0m] Created slice system-getty.slice.
[[0;32m  OK  [0m] Started Getty on tty1.
[[0;32m  OK  [0m] Reached target Login Prompts.
[[0;32m  OK  [0m] Started Wait until snapd is fully seeded.
         Starting Apply the settings specified in cloud-config...
[[0;32m  OK  [0m] Started LXD - container startup/shutdown.
[[0;32m  OK  [0m] Created slice User Slice of vagrant.
[[0;32m  OK  [0m] Started Dispatcher daemon for systemd-networkd.
         Starting User Manager for UID 1000...
[[0;32m  OK  [0m] Started vboxadd.service.
         Starting vboxadd-service.service...
[[0;32m  OK  [0m] Started Session 1 of user vagrant.
[[0;32m  OK  [0m] Started vboxadd-service.service.
[[0;32m  OK  [0m] Reached target Multi-User System.
[[0;32m  OK  [0m] Reached target Graphical Interface.
         Starting Update UTMP about System Runlevel Changes...
[[0;32m  OK  [0m] Started Update UTMP about System Runlevel Changes.
[[0;32m  OK  [0m] Started User Manager for UID 1000.
[   25.827936] cloud-init[931]: Cloud-init v. 18.4-0ubuntu1~18.04.1 running 'modules:config' at Sun, 24 Mar 2019 05:36:51 +0000. Up 25.54 seconds.
[[0;32m  OK  [0m] Started Apply the settings specified in cloud-config.
         Starting Execute cloud user/final scripts...
[   26.765394] cloud-init[1074]: Cloud-init v. 18.4-0ubuntu1~18.04.1 running 'modules:final' at Sun, 24 Mar 2019 05:36:52 +0000. Up 26.60 seconds.
[   26.772267] cloud-init[1074]: Cloud-init v. 18.4-0ubuntu1~18.04.1 finished at Sun, 24 Mar 2019 05:36:52 +0000. Datasource DataSourceNoCloud [seed=/dev/sdb][dsmode=net].  Up 26.75 seconds
[[0;32m  OK  [0m] Started Execute cloud user/final scripts.
[[0;32m  OK  [0m] Reached target Cloud-init target.

Ubuntu 18.04.1 LTS ubuntu-bionic ttyS0

ubuntu-bionic login: 